#
# There is insufficient memory for the Java Runtime Environment to continue.
# Native memory allocation (mmap) failed to map 264241152 bytes for G1 virtual space
# Possible reasons:
#   The system is out of physical RAM or swap space
#   The process is running with CompressedOops enabled, and the Java Heap may be blocking the growth of the native heap
# Possible solutions:
#   Reduce memory load on the system
#   Increase physical memory or swap space
#   Check if swap backing store is full
#   Decrease Java heap size (-Xmx/-Xms)
#   Decrease number of Java threads
#   Decrease Java thread stack sizes (-Xss)
#   Set larger code cache with -XX:ReservedCodeCacheSize=
#   JVM is running with Zero Based Compressed Oops mode in which the Java heap is
#     placed in the first 32GB address space. The Java Heap base address is the
#     maximum limit for the native heap growth. Please use -XX:HeapBaseMinAddress
#     to set the Java Heap base and to place the Java Heap above 32GB virtual address.
# This output file may be truncated or incomplete.
#
#  Out of Memory Error (os_windows.cpp:3600), pid=22764, tid=18356
#
# JRE version:  (21.0.2+13) (build )
# Java VM: Java HotSpot(TM) 64-Bit Server VM (21.0.2+13-LTS-58, mixed mode, sharing, tiered, compressed oops, compressed class ptrs, g1 gc, windows-amd64)
# No core dump will be written. Minidumps are not enabled by default on client versions of Windows
#

---------------  S U M M A R Y ------------

Command Line: C:\Users\arash\AppData\Local\Temp\surefire5754666820811098062\surefirebooter-20240529141159551_3.jar C:\Users\arash\AppData\Local\Temp\surefire5754666820811098062 2024-05-29T14-11-59_405-jvmRun1 surefire-20240529141159551_1tmp surefire_0-20240529141159551_2tmp

Host: 12th Gen Intel(R) Core(TM) i5-12500H, 16 cores, 15G,  Windows 11 , 64 bit Build 22621 (10.0.22621.3527)
Time: Wed May 29 14:11:59 2024 India Standard Time elapsed time: 0.013266 seconds (0d 0h 0m 0s)

---------------  T H R E A D  ---------------

Current thread (0x000001d9f57ddcf0):  JavaThread "Unknown thread" [_thread_in_vm, id=18356, stack(0x000000ce3fa00000,0x000000ce3fb00000) (1024K)]

Stack: [0x000000ce3fa00000,0x000000ce3fb00000]
Native frames: (J=compiled Java code, j=interpreted, Vv=VM code, C=native code)
V  [jvm.dll+0x6cade9]
V  [jvm.dll+0x8569c1]
V  [jvm.dll+0x858d2e]
V  [jvm.dll+0x859413]
V  [jvm.dll+0x280e56]
V  [jvm.dll+0x6c74d5]
V  [jvm.dll+0x6bbeca]
V  [jvm.dll+0x355bca]
V  [jvm.dll+0x35d816]
V  [jvm.dll+0x3ae67e]
V  [jvm.dll+0x3ae928]
V  [jvm.dll+0x3295dc]
V  [jvm.dll+0x32a16b]
V  [jvm.dll+0x81efa9]
V  [jvm.dll+0x3bba01]
V  [jvm.dll+0x807928]
V  [jvm.dll+0x44f50e]
V  [jvm.dll+0x450e11]
C  [jli.dll+0x52a3]
C  [ucrtbase.dll+0x29333]
C  [KERNEL32.DLL+0x1257d]
C  [ntdll.dll+0x5aa48]


---------------  P R O C E S S  ---------------

Threads class SMR info:
_java_thread_list=0x00007ffbdd09bb88, length=0, elements={
}

Java Threads: ( => current thread )
Total: 0

Other Threads:
  0x000001d9f7af1160 WorkerThread "GC Thread#0"                     [id=20428, stack(0x000000ce3fb00000,0x000000ce3fc00000) (1024K)]
  0x000001d9f7b02c20 ConcurrentGCThread "G1 Main Marker"            [id=3516, stack(0x000000ce3fc00000,0x000000ce3fd00000) (1024K)]
  0x000001d9f7b03dd0 WorkerThread "G1 Conc#0"                       [id=22700, stack(0x000000ce3fd00000,0x000000ce3fe00000) (1024K)]

[error occurred during error reporting (printing all threads), id 0xc0000005, EXCEPTION_ACCESS_VIOLATION (0xc0000005) at pc=0x00007ffbdc80c6a7]
VM state: not at safepoint (not fully initialized)

VM Mutex/Monitor currently owned by a thread:  ([mutex/lock_event])
[0x00007ffbdd10ce68] Heap_lock - owner thread: 0x000001d9f57ddcf0

Heap address: 0x0000000705e00000, size: 4002 MB, Compressed Oops mode: Zero based, Oop shift amount: 3

CDS archive(s) mapped at: [0x0000000000000000-0x0000000000000000-0x0000000000000000), size 0, SharedBaseAddress: 0x0000000800000000, ArchiveRelocationMode: 1.
Narrow klass base: 0x0000000000000000, Narrow klass shift: 0, Narrow klass range: 0x0

GC Precious Log:
 CardTable entry size: 512
 Card Set container configuration: InlinePtr #cards 4 size 8 Array Of Cards #cards 16 size 48 Howl #buckets 8 coarsen threshold 3686 Howl Bitmap #cards 512 size 80 coarsen threshold 460 Card regions per heap region 1 cards per card region 4096

Heap:
 garbage-first heap   total 0K, used 0K [0x0000000705e00000, 0x0000000800000000)
  region size 2048K, 0 young (0K), 0 survivors (0K)

[error occurred during error reporting (printing heap information), id 0xc0000005, EXCEPTION_ACCESS_VIOLATION (0xc0000005) at pc=0x00007ffbdcbf39f9]
GC Heap History (0 events):
No events

Dll operation events (1 events):
Event: 0.007 Loaded shared library C:\Program Files\Java\jdk-21\bin\java.dll

Deoptimization events (0 events):
No events

Classes loaded (0 events):
No events

Classes unloaded (0 events):
No events

Classes redefined (0 events):
No events

Internal exceptions (0 events):
No events

ZGC Phase Switch (0 events):
No events

VM Operations (0 events):
No events

Events (0 events):
No events


Dynamic libraries:
0x00007ff713a00000 - 0x00007ff713a10000 	C:\Program Files\Java\jdk-21\bin\java.exe
0x00007ffc43710000 - 0x00007ffc43927000 	C:\Windows\SYSTEM32\ntdll.dll
0x00007ffc41b30000 - 0x00007ffc41bf4000 	C:\Windows\System32\KERNEL32.DLL
0x00007ffc40d10000 - 0x00007ffc410b7000 	C:\Windows\System32\KERNELBASE.dll
0x00007ffc40bf0000 - 0x00007ffc40d01000 	C:\Windows\System32\ucrtbase.dll
0x00007ffc3d520000 - 0x00007ffc3d53b000 	C:\Program Files\Java\jdk-21\bin\VCRUNTIME140.dll
0x00007ffc270b0000 - 0x00007ffc270c9000 	C:\Program Files\Java\jdk-21\bin\jli.dll
0x00007ffc420d0000 - 0x00007ffc42182000 	C:\Windows\System32\ADVAPI32.dll
0x00007ffc41660000 - 0x00007ffc41707000 	C:\Windows\System32\msvcrt.dll
0x00007ffc41f90000 - 0x00007ffc42038000 	C:\Windows\System32\sechost.dll
0x00007ffc41220000 - 0x00007ffc41248000 	C:\Windows\System32\bcrypt.dll
0x00007ffc42190000 - 0x00007ffc422a5000 	C:\Windows\System32\RPCRT4.dll
0x00007ffc41710000 - 0x00007ffc418be000 	C:\Windows\System32\USER32.dll
0x00007ffc40b50000 - 0x00007ffc40b76000 	C:\Windows\System32\win32u.dll
0x00007ffc427b0000 - 0x00007ffc427d9000 	C:\Windows\System32\GDI32.dll
0x00007ffc40a30000 - 0x00007ffc40b49000 	C:\Windows\System32\gdi32full.dll
0x00007ffc410c0000 - 0x00007ffc4115a000 	C:\Windows\System32\msvcp_win.dll
0x00007ffc29790000 - 0x00007ffc29a23000 	C:\Windows\WinSxS\amd64_microsoft.windows.common-controls_6595b64144ccf1df_6.0.22621.3527_none_270e469b73872a76\COMCTL32.dll
0x00007ffc245e0000 - 0x00007ffc245ea000 	C:\Windows\SYSTEM32\VERSION.dll
0x00007ffc41440000 - 0x00007ffc41471000 	C:\Windows\System32\IMM32.DLL
0x00007ffc3d510000 - 0x00007ffc3d51c000 	C:\Program Files\Java\jdk-21\bin\vcruntime140_1.dll
0x00007ffc27020000 - 0x00007ffc270ae000 	C:\Program Files\Java\jdk-21\bin\msvcp140.dll
0x00007ffbdc4d0000 - 0x00007ffbdd1e7000 	C:\Program Files\Java\jdk-21\bin\server\jvm.dll
0x00007ffc41940000 - 0x00007ffc419b1000 	C:\Windows\System32\WS2_32.dll
0x00007ffc40740000 - 0x00007ffc4078d000 	C:\Windows\SYSTEM32\POWRPROF.dll
0x00007ffc355b0000 - 0x00007ffc355e4000 	C:\Windows\SYSTEM32\WINMM.dll
0x00007ffc40720000 - 0x00007ffc40733000 	C:\Windows\SYSTEM32\UMPDC.dll
0x00007ffc3fa20000 - 0x00007ffc3fa38000 	C:\Windows\SYSTEM32\kernel.appcore.dll
0x00007ffc27010000 - 0x00007ffc2701a000 	C:\Program Files\Java\jdk-21\bin\jimage.dll
0x00007ffc3de80000 - 0x00007ffc3e0b2000 	C:\Windows\SYSTEM32\DBGHELP.DLL
0x00007ffc41c00000 - 0x00007ffc41f88000 	C:\Windows\System32\combase.dll
0x00007ffc435f0000 - 0x00007ffc436c7000 	C:\Windows\System32\OLEAUT32.dll
0x00007ffc21670000 - 0x00007ffc216a2000 	C:\Windows\SYSTEM32\dbgcore.DLL
0x00007ffc413c0000 - 0x00007ffc41439000 	C:\Windows\System32\bcryptPrimitives.dll
0x00007ffc26ff0000 - 0x00007ffc2700f000 	C:\Program Files\Java\jdk-21\bin\java.dll

dbghelp: loaded successfully - version: 4.0.5 - missing functions: none
symbol engine: initialized successfully - sym options: 0x614 - pdb path: .;C:\Program Files\Java\jdk-21\bin;C:\Windows\SYSTEM32;C:\Windows\WinSxS\amd64_microsoft.windows.common-controls_6595b64144ccf1df_6.0.22621.3527_none_270e469b73872a76;C:\Program Files\Java\jdk-21\bin\server

VM Arguments:
java_command: C:\Users\arash\AppData\Local\Temp\surefire5754666820811098062\surefirebooter-20240529141159551_3.jar C:\Users\arash\AppData\Local\Temp\surefire5754666820811098062 2024-05-29T14-11-59_405-jvmRun1 surefire-20240529141159551_1tmp surefire_0-20240529141159551_2tmp
java_class_path (initial): C:\Users\arash\AppData\Local\Temp\surefire5754666820811098062\surefirebooter-20240529141159551_3.jar
Launcher Type: SUN_STANDARD

[Global flags]
     intx CICompilerCount                          = 12                                        {product} {ergonomic}
     uint ConcGCThreads                            = 3                                         {product} {ergonomic}
     uint G1ConcRefinementThreads                  = 13                                        {product} {ergonomic}
   size_t G1HeapRegionSize                         = 2097152                                   {product} {ergonomic}
    uintx GCDrainStackTargetSize                   = 64                                        {product} {ergonomic}
   size_t InitialHeapSize                          = 264241152                                 {product} {ergonomic}
   size_t MarkStackSize                            = 4194304                                   {product} {ergonomic}
   size_t MaxHeapSize                              = 4196401152                                {product} {ergonomic}
   size_t MinHeapDeltaBytes                        = 2097152                                   {product} {ergonomic}
   size_t MinHeapSize                              = 8388608                                   {product} {ergonomic}
    uintx NonNMethodCodeHeapSize                   = 7602480                                {pd product} {ergonomic}
    uintx NonProfiledCodeHeapSize                  = 122027880                              {pd product} {ergonomic}
    uintx ProfiledCodeHeapSize                     = 122027880                              {pd product} {ergonomic}
    uintx ReservedCodeCacheSize                    = 251658240                              {pd product} {ergonomic}
     bool SegmentedCodeCache                       = true                                      {product} {ergonomic}
   size_t SoftMaxHeapSize                          = 4196401152                             {manageable} {ergonomic}
     bool UseCompressedOops                        = true                           {product lp64_product} {ergonomic}
     bool UseG1GC                                  = true                                      {product} {ergonomic}
     bool UseLargePagesIndividualAllocation        = false                                  {pd product} {ergonomic}

Logging:
Log output configuration:
 #0: stdout all=warning uptime,level,tags foldmultilines=false
 #1: stderr all=off uptime,level,tags foldmultilines=false

Environment Variables:
PATH=C:\Program Files\Common Files\Oracle\Java\javapath;C:\Program Files (x86)\Common Files\Oracle\Java\java8path;C:\Program Files (x86)\Common Files\Oracle\Java\javapath;C:\Windows\system32;C:\Windows;C:\Windows\System32\Wbem;C:\Windows\System32\WindowsPowerShell\v1.0\;C:\Windows\System32\OpenSSH\;C:\Program Files\Git\cmd;C:\Program Files\Java\jdk-21\bin;C:\Users\arash\AppData\Roaming\nvm;C:\Program Files\nodejs;C:\Program Files\nodejs\;C:\Users\arash\AppData\Local\Programs\Python\Launcher\;C:\Program Files\MySQL\MySQL Shell 8.0\bin\;C:\Users\arash\AppData\Local\Microsoft\WindowsApps;C:\Users\arash\AppData\Local\Programs\Microsoft VS Code\bin;C:\MinGW\bin;C:\Users\arash\AppData\Roaming\nvm;C:\Program Files\nodejs;C:\Users\arash\AppData\Roaming\npm;C:\Program Files\JetBrains\IntelliJ IDEA 2023.3.5\bin;;C:\Program Files\JetBrains\IntelliJ IDEA Community Edition 2023.3.5\bin;
USERNAME=Zahid Ibn Rizwan
OS=Windows_NT
PROCESSOR_IDENTIFIER=Intel64 Family 6 Model 154 Stepping 3, GenuineIntel
TMP=C:\Users\arash\AppData\Local\Temp
TEMP=C:\Users\arash\AppData\Local\Temp




Periodic native trim disabled

---------------  S Y S T E M  ---------------

OS:
 Windows 11 , 64 bit Build 22621 (10.0.22621.3527)
OS uptime: 0 days 3:07 hours
Hyper-V role detected

CPU: total 16 (initial active 16) (8 cores per cpu, 2 threads per core) family 6 model 154 stepping 3 microcode 0x41b, cx8, cmov, fxsr, ht, mmx, 3dnowpref, sse, sse2, sse3, ssse3, sse4.1, sse4.2, popcnt, lzcnt, tsc, tscinvbit, avx, avx2, aes, erms, clmul, bmi1, bmi2, adx, sha, fma, vzeroupper, clflush, clflushopt, clwb, hv, serialize, rdtscp, rdpid, fsrm, f16c, cet_ibt, cet_ss
Processor Information for processor 0
  Max Mhz: 2500, Current Mhz: 2500, Mhz Limit: 2500
Processor Information for processor 1
  Max Mhz: 2500, Current Mhz: 1532, Mhz Limit: 2500
Processor Information for processor 2
  Max Mhz: 2500, Current Mhz: 2500, Mhz Limit: 2500
Processor Information for processor 3
  Max Mhz: 2500, Current Mhz: 2500, Mhz Limit: 2500
Processor Information for processor 4
  Max Mhz: 2500, Current Mhz: 2500, Mhz Limit: 2500
Processor Information for processor 5
  Max Mhz: 2500, Current Mhz: 2500, Mhz Limit: 2500
Processor Information for processor 6
  Max Mhz: 2500, Current Mhz: 2500, Mhz Limit: 2500
Processor Information for processor 7
  Max Mhz: 2500, Current Mhz: 2500, Mhz Limit: 2500
Processor Information for processor 8
  Max Mhz: 2500, Current Mhz: 1500, Mhz Limit: 1800
Processor Information for processor 9
  Max Mhz: 2500, Current Mhz: 1800, Mhz Limit: 1800
Processor Information for processor 10
  Max Mhz: 2500, Current Mhz: 1500, Mhz Limit: 1800
Processor Information for processor 11
  Max Mhz: 2500, Current Mhz: 1500, Mhz Limit: 1800
Processor Information for processor 12
  Max Mhz: 2500, Current Mhz: 1500, Mhz Limit: 1800
Processor Information for processor 13
  Max Mhz: 2500, Current Mhz: 1500, Mhz Limit: 1800
Processor Information for processor 14
  Max Mhz: 2500, Current Mhz: 1500, Mhz Limit: 1800
Processor Information for processor 15
  Max Mhz: 2500, Current Mhz: 1800, Mhz Limit: 1800

Memory: 4k page, system-wide physical 16003M (4177M free)
TotalPageFile size 16003M (AvailPageFile size 219M)
current process WorkingSet (physical memory assigned to process): 11M, peak: 11M
current process commit charge ("private bytes"): 70M, peak: 322M

vm_info: Java HotSpot(TM) 64-Bit Server VM (21.0.2+13-LTS-58) for windows-amd64 JRE (21.0.2+13-LTS-58), built on 2024-01-05T18:32:24Z by "mach5one" with MS VC++ 17.1 (VS2022)

END.
